0 info it worked if it ends with ok
1 verbose cli [ '/usr/bin/node', '/usr/bin/npm', 'publish' ]
2 info using npm@3.5.2
3 info using node@v8.10.0
4 verbose publish [ '.' ]
5 silly cache add args [ '.', null ]
6 verbose cache add spec .
7 silly cache add parsed spec Result {
7 silly cache add   raw: '.',
7 silly cache add   scope: null,
7 silly cache add   name: null,
7 silly cache add   rawSpec: '.',
7 silly cache add   spec: '/home/richb/apicrud-ui',
7 silly cache add   type: 'directory' }
8 verbose addLocalDirectory /home/richb/.npm/apicrud-ui/0.0.9/package.tgz not in flight; packing
9 info lifecycle apicrud-ui@0.0.9~prepublish: apicrud-ui@0.0.9
10 silly lifecycle apicrud-ui@0.0.9~prepublish: no script for prepublish, continuing
11 verbose tar pack [ '/home/richb/.npm/apicrud-ui/0.0.9/package.tgz',
11 verbose tar pack   '/home/richb/apicrud-ui' ]
12 verbose tarball /home/richb/.npm/apicrud-ui/0.0.9/package.tgz
13 verbose folder /home/richb/apicrud-ui
14 verbose addLocalTarball adding from inside cache /home/richb/.npm/apicrud-ui/0.0.9/package.tgz
15 silly cache afterAdd apicrud-ui@0.0.9
16 verbose afterAdd /home/richb/.npm/apicrud-ui/0.0.9/package/package.json not in flight; writing
17 verbose afterAdd /home/richb/.npm/apicrud-ui/0.0.9/package/package.json written
18 silly publish { name: 'apicrud-ui',
18 silly publish   version: '0.0.9',
18 silly publish   description: 'The UI for apicrud full-stack framework with RBAC.',
18 silly publish   repository:
18 silly publish    { type: 'git',
18 silly publish      url: 'git+https://github.com/instantlinux/apicrud-ui.git' },
18 silly publish   keywords: [ 'api flask rbac rest' ],
18 silly publish   private: false,
18 silly publish   license: 'Apache-2.0',
18 silly publish   dependencies:
18 silly publish    { 'jwt-decode': '^2.2.0',
18 silly publish      'mapbox-gl': '^1.8.1',
18 silly publish      moment: '^2.24.0',
18 silly publish      'path-to-regexp': '^6.1.0',
18 silly publish      'prop-types': '^15.7.2',
18 silly publish      'ra-core': '^3.3.1',
18 silly publish      'ra-data-json-server': '^3.3.1',
18 silly publish      'ra-input-rich-text': '^3.3.1',
18 silly publish      'ra-language-chinese': '^2.0.5',
18 silly publish      'ra-language-english': '^3.2.0',
18 silly publish      'ra-language-french': '^3.2.0',
18 silly publish      'ra-language-german': '^2.1.2',
18 silly publish      'ra-language-italian': '^3.0.0',
18 silly publish      'ra-language-portuguese': '^1.6.0',
18 silly publish      'ra-language-russian': '^3.0.1',
18 silly publish      '@blackbox-vision/ra-language-spanish': '^3.2.0',
18 silly publish      react: '^16.13.0',
18 silly publish      'react-admin': '^3.3.1',
18 silly publish      'react-dom': '^16.13.0',
18 silly publish      'react-dropzone-uploader': '^2.11.0',
18 silly publish      'react-image-gallery': '^1.0.6',
18 silly publish      'react-mapbox-gl': '^4.8.2',
18 silly publish      'react-moment': '^0.9.7',
18 silly publish      'react-scripts': '^3.4.0',
18 silly publish      typescript: '^3.7.5',
18 silly publish      'connected-react-router': '^6.7.0',
18 silly publish      'final-form': '^4.18.6',
18 silly publish      history: '^4.10.1',
18 silly publish      'react-final-form': '^6.3.3',
18 silly publish      'react-redux': '^7.2.0',
18 silly publish      'react-router': '^5.1.2',
18 silly publish      'react-router-dom': '^5.1.2',
18 silly publish      redux: '^4.0.5',
18 silly publish      'redux-saga': '^1.1.3' },
18 silly publish   scripts:
18 silly publish    { dev: 'react-scripts start',
18 silly publish      start: 'react-scripts start',
18 silly publish      build: 'react-scripts build',
18 silly publish      test: 'react-scripts test',
18 silly publish      eject: 'react-scripts eject' },
18 silly publish   eslintConfig: { extends: 'react-app' },
18 silly publish   browserslist: [ '>0.2%', 'not dead', 'not ie <= 11', 'not op_mini all' ],
18 silly publish   readme: '## apicrud-ui\n[![](https://images.microbadger.com/badges/version/instantlinux/apicrud-ui.svg)](https://microbadger.com/images/instantlinux/apicrud-ui "Version badge") [![](https://images.microbadger.com/badges/image/instantlinux/apicrud-ui.svg)](https://microbadger.com/images/instantlinux/apicrud-ui "Image badge") [![](https://images.microbadger.com/badges/commit/instantlinux/apicrud-ui.svg)](https://microbadger.com/images/instantlinux/apicrud-ui "Commit badge")\n\n\tThis framework was created to make it far easier to get started on full-stack development of REST-based services ranging from a simple CLI wrapper for queries of local APIs to full web-scale consumer-facing applications.\n\n\tThe essential components of a modern full-stack application include a back-end API server, a front-end UI server, a database, a memory-cache and a background worker for performing actions such as emailing, photo uploading or report generation.\n\n### Usage\n\nClone this repo to your local environment. To start this UI service in a shell session (on a Linux or Mac laptop):\n\n* Clone the [instantlinux/apicrud](https://github/instantlinux/apicrud) repo to a separate directory and follow the instructions given in its README to start the back-end.\n* Set environment variables as defined below, at least `REACT_APP_API_URL`.\n* Invoke `make ui_local` to bring up the UI, and access by the URL http://localhost:3000.\n* Initial login for `admin` for a newly created database is `p@ssw0rd`.\n\n### Environment variables\n\nVariable | Default | Description\n-------- | ------- | -----------\nPORT | 3000 | Port to listen on\nREACT_APP_API_URL | | Backend, e.g. https://api.yours.com:8080/api/v1\nREACT_APP_MEDIA_URL | | Media API backend\nREACT_APP_TOKEN_MAPBOX | | API key for location map (see [mapbox.com](https://account.mapbox.com/auth/signup))\n\nTODO: the published docker image won\'t read these values at startup until the implementation of [env-config.js](https://www.freecodecamp.org/news/how-to-implement-runtime-environment-variables-with-create-react-app-docker-and-nginx-7f9d42a91d70/) is completed.\n\n### Background\n\tThe rise of Docker and Kubernetes starting around 2017 made it possible to set up these production-grade services directly on the laptop of any developer. Only recently have the tools been easier to configure and set up. This framework provides working example code you can use to get started creating your own secure, web-scale services.\n\n\tImplementation/design includes these technologies: <a href="http://www.celeryproject.org/">celery</a>, <a href="https://aws.amazon.com/cloudfront/">CloudFront and S3</a>, <a href="https://www.docker.com/">docker</a>, <a href="http://flask.pocoo.org/">flask</a>, <a href="https://kubernetes.io/">kubernetes</a>, <a href="https://developer.mapquest.com/documentation/open/geocoding-api/">MapQuest geocoding</a>, <a href="https://www.mapbox.com/">mapbox</a>, <a href="https://mariadb.org/">MariaDB</a>, <a href="https://docs.python.org/3/">python 3</a>, <a href="https://www.rabbitmq.com/">RabbitMQ</a>, <a href="https://reactjs.org">react.js</a>, <a href="https://marmelab.com/react-admin">react-admin</a>, <a href="https://www.sqlalchemy.org/">sqlalchemy</a>, <a href="https://uwsgi-docs.readthedocs.io/en/latest/">uWSGI</a>.\n\n### Contributions\n\tYour pull-requests and bug-reports are welcome here. See [CONTRIBUTING.md](CONTRIBUTING.md).\n\n### License\n        Software copyright &copy; 2020 by Richard Braun &bull; <a href="https://www.apache.org/licenses/LICENSE-2.0">Apache 2.0</a> license <p />\n',
18 silly publish   readmeFilename: 'README.md',
18 silly publish   bugs: { url: 'https://github.com/instantlinux/apicrud-ui/issues' },
18 silly publish   homepage: 'https://github.com/instantlinux/apicrud-ui#readme',
18 silly publish   _id: 'apicrud-ui@0.0.9',
18 silly publish   _shasum: '2e6b36e004035b1e6444c0ee4c534ca0c1c61705',
18 silly publish   _from: '.' }
19 verbose getPublishConfig undefined
20 silly mapToRegistry name apicrud-ui
21 silly mapToRegistry using default registry
22 silly mapToRegistry registry https://registry.npmjs.org/
23 silly mapToRegistry uri https://registry.npmjs.org/apicrud-ui
24 verbose publish registryBase https://registry.npmjs.org/
25 silly publish uploading /home/richb/.npm/apicrud-ui/0.0.9/package.tgz
26 verbose request uri https://registry.npmjs.org/apicrud-ui
27 verbose request sending authorization for write operation
28 info attempt registry request try #1 at 5:58:02 PM
29 verbose request using bearer token for auth
30 verbose request id 5d2ea2ce9de1e629
31 http request PUT https://registry.npmjs.org/apicrud-ui
32 http 403 https://registry.npmjs.org/apicrud-ui
33 verbose headers { date: 'Sun, 12 Apr 2020 00:58:04 GMT',
33 verbose headers   'content-type': 'application/json',
33 verbose headers   'transfer-encoding': 'chunked',
33 verbose headers   connection: 'keep-alive',
33 verbose headers   'set-cookie':
33 verbose headers    [ '__cfduid=db60b88bfe20dc5a6313bc975acad14741586653082; expires=Tue, 12-May-20 00:58:02 GMT; path=/; domain=.npmjs.org; HttpOnly; SameSite=Lax' ],
33 verbose headers   'cf-ray': '5828ff27b8629400-SJC',
33 verbose headers   'cf-cache-status': 'DYNAMIC',
33 verbose headers   'expect-ct': 'max-age=604800, report-uri="https://report-uri.cloudflare.com/cdn-cgi/beacon/expect-ct"',
33 verbose headers   vary: 'Accept-Encoding',
33 verbose headers   server: 'cloudflare',
33 verbose headers   'content-encoding': 'gzip' }
34 verbose request invalidating /home/richb/.npm/registry.npmjs.org/apicrud-ui on PUT
35 error publish Failed PUT 403
36 verbose stack Error: You cannot publish over the previously published versions: 0.0.9. : apicrud-ui
36 verbose stack     at makeError (/usr/share/npm/node_modules/npm-registry-client/lib/request.js:264:12)
36 verbose stack     at CachingRegistryClient.<anonymous> (/usr/share/npm/node_modules/npm-registry-client/lib/request.js:252:14)
36 verbose stack     at /usr/share/npm/node_modules/npm-registry-client/lib/request.js:178:7
36 verbose stack     at Gunzip.onEnd (zlib.js:131:5)
36 verbose stack     at emitNone (events.js:111:20)
36 verbose stack     at Gunzip.emit (events.js:208:7)
36 verbose stack     at endReadableNT (_stream_readable.js:1064:12)
36 verbose stack     at _combinedTickCallback (internal/process/next_tick.js:138:11)
36 verbose stack     at process._tickCallback (internal/process/next_tick.js:180:9)
37 verbose statusCode 403
38 verbose pkgid apicrud-ui
39 verbose cwd /home/richb/apicrud-ui
40 error Linux 4.15.0-91-generic
41 error argv "/usr/bin/node" "/usr/bin/npm" "publish"
42 error node v8.10.0
43 error npm  v3.5.2
44 error code E403
45 error You cannot publish over the previously published versions: 0.0.9. : apicrud-ui
46 error If you need help, you may report this error at:
46 error     <https://github.com/npm/npm/issues>
47 verbose exit [ 1, true ]
